<?xml version="1.0" encoding="UTF-8"?>
<!-- Generated by org.testng.reporters.JUnitReportReporter -->
<testsuite skipped="0" hostname="NBL01-TI0063" name="yopmail.tugas3.YopmailAutomationTest" tests="1" failures="0" timestamp="2023-03-13T16:48:16 ICT" time="15.855" errors="0">
  <testcase name="testYopmail" time="15.855" classname="yopmail.tugas3.YopmailAutomationTest"/>
  <system-out/>
</testsuite> <!-- yopmail.tugas3.YopmailAutomationTest -->
