<?xml version="1.0" encoding="UTF-8"?>
<!-- Generated by org.testng.reporters.JUnitReportReporter -->
<testsuite hostname="Ruhendi" failures="0" tests="1" name="yopmail.tugas3.WebTestUsingPOMManual" time="6.609" errors="0" timestamp="2023-03-25T13:30:34 ICT" skipped="0">
  <testcase classname="yopmail.tugas3.WebTestUsingPOMManual" name="testEmail" time="6.609"/>
  <system-out/>
</testsuite> <!-- yopmail.tugas3.WebTestUsingPOMManual -->
