<?xml version="1.0" encoding="UTF-8"?>
<!-- Generated by org.testng.reporters.JUnitReportReporter -->
<testsuite hostname="Ruhendi" failures="0" tests="1" name="tugas4.coba.APITestAfterRefactor" time="6.658" errors="0" timestamp="25 Mar 2023 07:44:16 GMT" skipped="0">
  <testcase classname="tugas4.coba.APITestAfterRefactor" name="signUpAPI" time="6.658"/>
</testsuite> <!-- tugas4.coba.APITestAfterRefactor -->
